<?xml version="1.0" encoding="UTF-8"?>
<!-- Generated by org.testng.reporters.JUnitReportReporter -->
<testsuite skipped="0" hostname="DESKTOP-C0A8MKT" name="test.AddCustomerPageTest" tests="1" failures="0" timestamp="2021-05-28T08:10:15 CST" time="10.052" errors="0">
  <testcase name="validUserLoginTest" time="10.052" classname="test.AddCustomerPageTest"/>
  <system-out/>
</testsuite> <!-- test.AddCustomerPageTest -->
