<?xml version="1.0" encoding="UTF-8"?>
<!-- Generated by org.testng.reporters.JUnitReportReporter -->
<testsuite skipped="0" hostname="DESKTOP-C0A8MKT" name="test.LoginPageTest" tests="1" failures="0" timestamp="28 May 2021 12:41:54 GMT" time="5.729" errors="0">
  <testcase name="validUserLogin" time="5.729" classname="test.LoginPageTest"/>
</testsuite> <!-- test.LoginPageTest -->
