<?xml version="1.0" encoding="UTF-8"?>
<!-- Generated by org.testng.reporters.JUnitReportReporter -->
<testsuite skipped="0" hostname="DESKTOP-C0A8MKT" name="test.BrowserFactoryTest" tests="1" failures="0" timestamp="28 May 2021 11:54:53 GMT" time="8.337" errors="0">
  <testcase name="launchBrowserTest" time="8.337" classname="test.BrowserFactoryTest"/>
</testsuite> <!-- test.BrowserFactoryTest -->
